Traceback (most recent call last):
  File "/opt/hostedtoolcache/Python/3.8.16/x64/lib/python3.8/site-packages/jupyter_cache/executors/utils.py", line 58, in single_nb_execution
    executenb(
  File "/opt/hostedtoolcache/Python/3.8.16/x64/lib/python3.8/site-packages/nbclient/client.py", line 1305, in execute
    return NotebookClient(nb=nb, resources=resources, km=km, **kwargs).execute()
  File "/opt/hostedtoolcache/Python/3.8.16/x64/lib/python3.8/site-packages/jupyter_core/utils/__init__.py", line 166, in wrapped
    return loop.run_until_complete(inner)
  File "/opt/hostedtoolcache/Python/3.8.16/x64/lib/python3.8/asyncio/base_events.py", line 616, in run_until_complete
    return future.result()
  File "/opt/hostedtoolcache/Python/3.8.16/x64/lib/python3.8/site-packages/nbclient/client.py", line 705, in async_execute
    await self.async_execute_cell(
  File "/opt/hostedtoolcache/Python/3.8.16/x64/lib/python3.8/site-packages/nbclient/client.py", line 1058, in async_execute_cell
    await self._check_raise_for_error(cell, cell_index, exec_reply)
  File "/opt/hostedtoolcache/Python/3.8.16/x64/lib/python3.8/site-packages/nbclient/client.py", line 914, in _check_raise_for_error
    raise CellExecutionError.from_cell_and_msg(cell, exec_reply_content)
nbclient.exceptions.CellExecutionError: An error occurred while executing the following cell:
------------------
import uncertainties as u

A = u.ufloat(2.5, 0.4)
B = u.ufloat(4.1, 0.3)
print(A + B)
print(A - B)
------------------


[0;31m---------------------------------------------------------------------------[0m
[0;31mModuleNotFoundError[0m                       Traceback (most recent call last)
Cell [0;32mIn[25], line 1[0m
[0;32m----> 1[0m [38;5;28;01mimport[39;00m [38;5;21;01muncertainties[39;00m [38;5;28;01mas[39;00m [38;5;21;01mu[39;00m
[1;32m      3[0m A [38;5;241m=[39m u[38;5;241m.[39mufloat([38;5;241m2.5[39m, [38;5;241m0.4[39m)
[1;32m      4[0m B [38;5;241m=[39m u[38;5;241m.[39mufloat([38;5;241m4.1[39m, [38;5;241m0.3[39m)

[0;31mModuleNotFoundError[0m: No module named 'uncertainties'

